<?xml version="1.0" encoding="UTF-8"?>
<testsuite name="MainKtTest" tests="1" skipped="0" failures="0" errors="0" timestamp="2020-10-05T06:24:58" hostname="JUNE" time="0.012">
  <properties/>
  <testcase name="test" classname="MainKtTest" time="0.012"/>
  <system-out><![CDATA[[[8, 8, 8, 8, 8], [0, 0, 0, 0, 0], [0, 0, 0, 0, 0], [0, 0, 0, 0, 0], [0, 0, 0, 0, 0]]
]]></system-out>
  <system-err><![CDATA[]]></system-err>
</testsuite>
