<?xml version="1.0" encoding="UTF-8"?>
<testsuite name="MainKtTest" tests="1" skipped="0" failures="0" errors="0" timestamp="2020-10-07T12:54:33" hostname="JUNE" time="0.001">
  <properties/>
  <testcase name="test" classname="MainKtTest" time="0.001"/>
  <system-out><![CDATA[48
]]></system-out>
  <system-err><![CDATA[]]></system-err>
</testsuite>
