<?xml version="1.0" encoding="UTF-8"?>
<testsuite name="MainKtTest" tests="1" skipped="0" failures="0" errors="0" timestamp="2020-10-04T09:03:00" hostname="JUNE" time="0.008">
  <properties/>
  <testcase name="test" classname="MainKtTest" time="0.008"/>
  <system-out><![CDATA[true
]]></system-out>
  <system-err><![CDATA[]]></system-err>
</testsuite>
